<?xml version="1.0" encoding="UTF-8"?>
<!-- Generated by org.testng.reporters.JUnitReportReporter -->
<testsuite hostname="auctionata.local" name="com.example.FirstAppiumTest" tests="1" failures="0" timestamp="17 Jan 2018 21:05:01 GMT" time="5.592" errors="0">
  <testcase name="SimpleTest" time="5.592" classname="com.example.FirstAppiumTest"/>
</testsuite> <!-- com.example.FirstAppiumTest -->
